<?xml version="1.0" encoding="utf-8" standalone="no"?>
<test-results xmlns:xsi="http://www.w3.org/2001/XMLSchema-instance" xsi:noNamespaceSchemaLocation="nunit_schema_2.5.xsd" name="Pester" total="6" errors="0" failures="6" not-run="0" inconclusive="0" ignored="1" skipped="0" invalid="0" date="2025-09-23" time="12:29:52">
  <environment user="thesh" machine-name="LAPTOP-6RPDMSHG" cwd="C:\Users\thesh\Downloads\PowerShell-Playbook" user-domain="LAPTOP-6RPDMSHG" platform="Microsoft Windows 11 Pro|C:\WINDOWS|\Device\Harddisk0\Partition3" nunit-version="2.5.8.0" os-version="10.0.26100" clr-version="4.0.30319.42000" />
  <culture-info current-culture="en-US" current-uiculture="en-US" />
  <test-suite type="Powershell" name="Pester" executed="True" result="Failure" success="False" time="2.1891" asserts="0">
    <results>
      <test-suite type="TestFixture" name="Error in C:\Users\thesh\Downloads\PowerShell-Playbook\tests\IdentityGovernance.Tests.ps1" executed="True" result="Failure" success="False" time="0.3926" asserts="0" description="Error in C:\Users\thesh\Downloads\PowerShell-Playbook\tests\IdentityGovernance.Tests.ps1">
        <results>
          <test-case description="Error occurred in test script 'C:\Users\thesh\Downloads\PowerShell-Playbook\tests\IdentityGovernance.Tests.ps1'" name="Error in C:\Users\thesh\Downloads\PowerShell-Playbook\tests\IdentityGovernance.Tests.ps1.Error occurred in test script 'C:\Users\thesh\Downloads\PowerShell-Playbook\tests\IdentityGovernance.Tests.ps1'" time="0.3926" asserts="0" success="False" result="Failure" executed="True">
            <failure>
              <message>The BeforeAll command may only be used inside a Describe block.</message>
              <stack-trace>at Assert-DescribeInProgress, C:\Program Files\WindowsPowerShell\Modules\Pester\3.4.0\Functions\Describe.ps1: line 125</stack-trace>
            </failure>
          </test-case>
        </results>
      </test-suite>
      <test-suite type="TestFixture" name="Local Admin Audit" executed="True" result="Failure" success="False" time="1.1433" asserts="0" description="Local Admin Audit">
        <results>
          <test-case description="exports Get-LocalAdminAudit" name="Local Admin Audit.exports Get-LocalAdminAudit" time="1.07" asserts="0" success="False" result="Failure" executed="True">
            <failure>
              <message>'-Not' is not a valid Should operator.</message>
              <stack-trace>at line: 42 in C:\Program Files\WindowsPowerShell\Modules\Pester\3.4.0\Functions\Assertions\Should.ps1</stack-trace>
            </failure>
          </test-case>
          <test-case description="produces data and writes a report on Windows" name="Local Admin Audit.produces data and writes a report on Windows" time="0.0733" asserts="0" success="True" result="Ignored" executed="False" />
        </results>
      </test-suite>
      <test-suite type="TestFixture" name="Error in C:\Users\thesh\Downloads\PowerShell-Playbook\tests\Manifest.Tests.ps1" executed="True" result="Failure" success="False" time="0.2606" asserts="0" description="Error in C:\Users\thesh\Downloads\PowerShell-Playbook\tests\Manifest.Tests.ps1">
        <results>
          <test-case description="Error occurred in test script 'C:\Users\thesh\Downloads\PowerShell-Playbook\tests\Manifest.Tests.ps1'" name="Error in C:\Users\thesh\Downloads\PowerShell-Playbook\tests\Manifest.Tests.ps1.Error occurred in test script 'C:\Users\thesh\Downloads\PowerShell-Playbook\tests\Manifest.Tests.ps1'" time="0.2606" asserts="0" success="False" result="Failure" executed="True">
            <failure>
              <message>The BeforeAll command may only be used inside a Describe block.</message>
              <stack-trace>at Assert-DescribeInProgress, C:\Program Files\WindowsPowerShell\Modules\Pester\3.4.0\Functions\Describe.ps1: line 125</stack-trace>
            </failure>
          </test-case>
        </results>
      </test-suite>
      <test-suite type="TestFixture" name="Error in C:\Users\thesh\Downloads\PowerShell-Playbook\tests\ModuleLoad.Tests.ps1" executed="True" result="Failure" success="False" time="0.0868" asserts="0" description="Error in C:\Users\thesh\Downloads\PowerShell-Playbook\tests\ModuleLoad.Tests.ps1">
        <results>
          <test-case description="Error occurred in test script 'C:\Users\thesh\Downloads\PowerShell-Playbook\tests\ModuleLoad.Tests.ps1'" name="Error in C:\Users\thesh\Downloads\PowerShell-Playbook\tests\ModuleLoad.Tests.ps1.Error occurred in test script 'C:\Users\thesh\Downloads\PowerShell-Playbook\tests\ModuleLoad.Tests.ps1'" time="0.0868" asserts="0" success="False" result="Failure" executed="True">
            <failure>
              <message>The BeforeAll command may only be used inside a Describe block.</message>
              <stack-trace>at Assert-DescribeInProgress, C:\Program Files\WindowsPowerShell\Modules\Pester\3.4.0\Functions\Describe.ps1: line 125</stack-trace>
            </failure>
          </test-case>
        </results>
      </test-suite>
      <test-suite type="TestFixture" name="Error in C:\Users\thesh\Downloads\PowerShell-Playbook\tests\Reports.Tests.ps1" executed="True" result="Failure" success="False" time="0.1009" asserts="0" description="Error in C:\Users\thesh\Downloads\PowerShell-Playbook\tests\Reports.Tests.ps1">
        <results>
          <test-case description="Error occurred in test script 'C:\Users\thesh\Downloads\PowerShell-Playbook\tests\Reports.Tests.ps1'" name="Error in C:\Users\thesh\Downloads\PowerShell-Playbook\tests\Reports.Tests.ps1.Error occurred in test script 'C:\Users\thesh\Downloads\PowerShell-Playbook\tests\Reports.Tests.ps1'" time="0.1009" asserts="0" success="False" result="Failure" executed="True">
            <failure>
              <message>The BeforeAll command may only be used inside a Describe block.</message>
              <stack-trace>at Assert-DescribeInProgress, C:\Program Files\WindowsPowerShell\Modules\Pester\3.4.0\Functions\Describe.ps1: line 125</stack-trace>
            </failure>
          </test-case>
        </results>
      </test-suite>
      <test-suite type="TestFixture" name="Error in C:\Users\thesh\Downloads\PowerShell-Playbook\tests\WindowsOnly.Tests.ps1" executed="True" result="Failure" success="False" time="0.2048" asserts="0" description="Error in C:\Users\thesh\Downloads\PowerShell-Playbook\tests\WindowsOnly.Tests.ps1">
        <results>
          <test-case description="Error occurred in test script 'C:\Users\thesh\Downloads\PowerShell-Playbook\tests\WindowsOnly.Tests.ps1'" name="Error in C:\Users\thesh\Downloads\PowerShell-Playbook\tests\WindowsOnly.Tests.ps1.Error occurred in test script 'C:\Users\thesh\Downloads\PowerShell-Playbook\tests\WindowsOnly.Tests.ps1'" time="0.2048" asserts="0" success="False" result="Failure" executed="True">
            <failure>
              <message>The BeforeAll command may only be used inside a Describe block.</message>
              <stack-trace>at Assert-DescribeInProgress, C:\Program Files\WindowsPowerShell\Modules\Pester\3.4.0\Functions\Describe.ps1: line 125</stack-trace>
            </failure>
          </test-case>
        </results>
      </test-suite>
    </results>
  </test-suite>
</test-results>